[30-01-2019 06:02:23] - Undefined index: id in W:\domains\mysite.local\index.php:10
[30-01-2019 06:04:43] - Undefined index: id in W:\domains\mysite.local\index.php:10
[30-01-2019 06:04:47] - Undefined index: id in W:\domains\mysite.local\index.php:10
[30-01-2019 06:04:49] - Undefined index: id in W:\domains\mysite.local\index.php:10
[30-01-2019 06:21:47] - Undefined index: id in W:\domains\mysite.local\index.php:10
[30-01-2019 06:21:51] - Undefined index: id in W:\domains\mysite.local\index.php:10
[30-01-2019 06:44:35] - Undefined index: id in W:\domains\mysite.local\index.php:10
[30-01-2019 06:49:34] - Undefined index: id in W:\domains\mysite.local\index.php:10
[30-01-2019 06:49:36] - Undefined index: id in W:\domains\mysite.local\index.php:10
[19-02-2019 09:39:36] - Undefined index: id in W:\domains\mysite.local\index.php:10
[27-02-2019 10:45:11] - Undefined index: lastVisit in W:\domains\mysite.local\inc\cookie.inc.php:9
[27-02-2019 10:45:11] - Undefined index: id in W:\domains\mysite.local\index.php:10
[27-02-2019 10:45:28] - Undefined index: id in W:\domains\mysite.local\index.php:10
[01-03-2019 11:46:19] - Undefined index: id in W:\domains\mysite.local\index.php:10
[01-03-2019 11:46:26] - Undefined variable: cols in W:\domains\mysite.local\table.php:10
[01-03-2019 11:46:26] - Undefined variable: rows in W:\domains\mysite.local\table.php:11
[01-03-2019 11:46:26] - Undefined variable: color in W:\domains\mysite.local\table.php:12
[01-03-2019 11:46:53] - Undefined index: id in W:\domains\mysite.local\index.php:10
[01-03-2019 11:47:00] - Undefined index: id in W:\domains\mysite.local\index.php:10
[05-03-2019 05:35:15] - Undefined index: id in W:\domains\mysite.local\index.php:10
[05-03-2019 05:35:34] - Undefined index: id in W:\domains\mysite.local\index.php:10
[05-03-2019 05:36:02] - Undefined index: id in W:\domains\mysite.local\index.php:10
[05-03-2019 05:36:04] - Undefined index: id in W:\domains\mysite.local\index.php:10
[05-03-2019 05:36:05] - Undefined index: id in W:\domains\mysite.local\index.php:10
[05-03-2019 05:36:06] - Undefined index: id in W:\domains\mysite.local\index.php:10
[05-03-2019 05:36:07] - Undefined index: id in W:\domains\mysite.local\index.php:10
[05-03-2019 05:36:08] - Undefined index: id in W:\domains\mysite.local\index.php:10
[05-03-2019 05:36:12] - Undefined index: id in W:\domains\mysite.local\index.php:10
[05-03-2019 05:36:14] - Undefined variable: cols in W:\domains\mysite.local\table.php:10
[05-03-2019 05:36:14] - Undefined variable: rows in W:\domains\mysite.local\table.php:11
[05-03-2019 05:36:14] - Undefined variable: color in W:\domains\mysite.local\table.php:12
[05-03-2019 05:44:21] - Undefined index: id in W:\domains\mysite.local\index.php:10
[05-03-2019 07:02:14] - Undefined index: id in W:\domains\mysite.local\index.php:10
[05-03-2019 07:02:41] - Undefined index: id in W:\domains\mysite.local\index.php:10
[05-03-2019 07:02:53] - Undefined index: id in W:\domains\mysite.local\index.php:10
[05-03-2019 10:45:32] - Undefined index: id in W:\domains\mysite.local\index.php:10
[05-03-2019 10:45:44] - Undefined index: id in W:\domains\mysite.local\index.php:10
[05-03-2019 10:45:59] - Undefined index: id in W:\domains\mysite.local\index.php:10
[09-03-2019 05:28:15] - Undefined index: id in W:\domains\mysite.local\index.php:10
[27-05-2019 08:38:17] - Undefined index: lastVisit in W:\domains\mysite.local\inc\cookie.inc.php:9
[27-05-2019 08:38:17] - Undefined index: id in W:\domains\mysite.local\index.php:10
[27-05-2019 08:39:03] - Undefined index: id in W:\domains\mysite.local\index.php:10
[14-06-2019 11:03:29] - Undefined index: id in W:\domains\mysite.local\index.php:10
[14-06-2019 11:03:36] - Undefined variable: cols in W:\domains\mysite.local\table.php:10
[14-06-2019 11:03:36] - Undefined variable: rows in W:\domains\mysite.local\table.php:11
[14-06-2019 11:03:36] - Undefined variable: color in W:\domains\mysite.local\table.php:12
